

Processing HomeController#index (for 127.0.0.1 at 2009-11-30 18:28:46) [GET]
Rendering home/index
Completed in 23ms (View: 22, DB: 0) | 200 OK [http://localhost/home/index]


Processing HomeController#index (for 127.0.0.1 at 2009-11-30 18:29:59) [GET]
Rendering home/index
Completed in 2ms (View: 1, DB: 0) | 200 OK [http://localhost/]
  [4;36;1mSQL (0.3ms)[0m   [0;1m SELECT name
 FROM sqlite_master
 WHERE type = 'table' AND NOT name = 'sqlite_sequence'
[0m
  [4;35;1mSQL (0.2ms)[0m   [0mselect sqlite_version(*)[0m
  [4;36;1mSQL (6.6ms)[0m   [0;1mCREATE TABLE "schema_migrations" ("version" varchar(255) NOT NULL) [0m
  [4;35;1mSQL (1.4ms)[0m   [0mCREATE UNIQUE INDEX "unique_schema_migrations" ON "schema_migrations" ("version")[0m
  [4;36;1mSQL (0.1ms)[0m   [0;1m SELECT name
 FROM sqlite_master
 WHERE type = 'table' AND NOT name = 'sqlite_sequence'
[0m
  [4;35;1mSQL (0.1ms)[0m   [0mSELECT version FROM schema_migrations[0m
Migrating to CreatePosts (20091201023057)
  [4;36;1mSQL (0.4ms)[0m   [0;1mCREATE TABLE "posts" ("id" INTEGER PRIMARY KEY AUTOINCREMENT NOT NULL, "name" varchar(255), "title" varchar(255), "content" text, "created_at" datetime, "updated_at" datetime) [0m
  [4;35;1mSQL (0.1ms)[0m   [0mINSERT INTO schema_migrations (version) VALUES ('20091201023057')[0m
  [4;36;1mSQL (0.4ms)[0m   [0;1m SELECT name
 FROM sqlite_master
 WHERE type = 'table' AND NOT name = 'sqlite_sequence'
[0m
  [4;35;1mSQL (0.1ms)[0m   [0mSELECT version FROM schema_migrations[0m
  [4;36;1mSQL (0.1ms)[0m   [0;1m SELECT name
 FROM sqlite_master
 WHERE type = 'table' AND NOT name = 'sqlite_sequence'
[0m
  [4;35;1mSQL (0.0ms)[0m   [0mPRAGMA index_list("posts")[0m


Processing HomeController#index (for 127.0.0.1 at 2009-11-30 18:33:53) [GET]
Rendering home/index
Completed in 14ms (View: 13, DB: 0) | 200 OK [http://localhost/]


Processing PostsController#index (for 127.0.0.1 at 2009-11-30 18:34:06) [GET]
  [4;36;1mPost Load (0.3ms)[0m   [0;1mSELECT * FROM "posts" [0m
Rendering template within layouts/posts
Rendering posts/index
Completed in 20ms (View: 16, DB: 0) | 200 OK [http://localhost/posts]


Processing PostsController#new (for 127.0.0.1 at 2009-11-30 18:34:31) [GET]
Rendering template within layouts/posts
Rendering posts/new
Completed in 13ms (View: 9, DB: 0) | 200 OK [http://localhost/posts/new]


Processing PostsController#create (for 127.0.0.1 at 2009-11-30 18:34:49) [POST]
  Parameters: {"commit"=>"Create", "post"=>{"name"=>"First Post", "title"=>"Life is Good", "content"=>"OK, so this is a dummy blog application for Rails based on the RoR guide."}, "authenticity_token"=>"BjPdl7phtkzOYRlmerPooFm19jEoHPHLD8kK7H2SxEc="}
  [4;35;1mPost Create (0.4ms)[0m   [0mINSERT INTO "posts" ("name", "created_at", "title", "updated_at", "content") VALUES('First Post', '2009-12-01 02:34:49', 'Life is Good', '2009-12-01 02:34:49', 'OK, so this is a dummy blog application for Rails based on the RoR guide.')[0m
Redirected to http://localhost:3000/posts/1
Completed in 8ms (DB: 0) | 302 Found [http://localhost/posts]


Processing PostsController#show (for 127.0.0.1 at 2009-11-30 18:34:49) [GET]
  Parameters: {"id"=>"1"}
  [4;36;1mPost Load (0.2ms)[0m   [0;1mSELECT * FROM "posts" WHERE ("posts"."id" = 1) [0m
Rendering template within layouts/posts
Rendering posts/show
Completed in 10ms (View: 6, DB: 0) | 200 OK [http://localhost/posts/1]


Processing PostsController#index (for 127.0.0.1 at 2009-11-30 18:34:51) [GET]
  [4;35;1mPost Load (0.5ms)[0m   [0mSELECT * FROM "posts" [0m
Rendering template within layouts/posts
Rendering posts/index
Completed in 9ms (View: 5, DB: 1) | 200 OK [http://localhost/posts]


Processing PostsController#new (for 127.0.0.1 at 2009-11-30 18:34:52) [GET]
Rendering template within layouts/posts
Rendering posts/new
Completed in 8ms (View: 4, DB: 0) | 200 OK [http://localhost/posts/new]


Processing PostsController#create (for 127.0.0.1 at 2009-11-30 18:35:30) [POST]
  Parameters: {"commit"=>"Create", "post"=>{"name"=>"Second Post", "title"=>"What next Rails?", "content"=>"Where will this lead to and where is it going? Will HTML syntax work - is this <B>bold</B>?"}, "authenticity_token"=>"BjPdl7phtkzOYRlmerPooFm19jEoHPHLD8kK7H2SxEc="}
  [4;36;1mPost Create (0.3ms)[0m   [0;1mINSERT INTO "posts" ("name", "created_at", "title", "updated_at", "content") VALUES('Second Post', '2009-12-01 02:35:30', 'What next Rails?', '2009-12-01 02:35:30', 'Where will this lead to and where is it going? Will HTML syntax work - is this <B>bold</B>?')[0m
Redirected to http://localhost:3000/posts/2
Completed in 33ms (DB: 0) | 302 Found [http://localhost/posts]


Processing PostsController#show (for 127.0.0.1 at 2009-11-30 18:35:30) [GET]
  Parameters: {"id"=>"2"}
  [4;35;1mPost Load (0.2ms)[0m   [0mSELECT * FROM "posts" WHERE ("posts"."id" = 2) [0m
Rendering template within layouts/posts
Rendering posts/show
Completed in 16ms (View: 10, DB: 0) | 200 OK [http://localhost/posts/2]


Processing PostsController#index (for 127.0.0.1 at 2009-11-30 18:35:33) [GET]
  [4;36;1mPost Load (0.4ms)[0m   [0;1mSELECT * FROM "posts" [0m
Rendering template within layouts/posts
Rendering posts/index
Completed in 14ms (View: 11, DB: 0) | 200 OK [http://localhost/posts]


Processing PostsController#new (for 127.0.0.1 at 2009-11-30 18:36:33) [GET]
Rendering template within layouts/posts
Rendering posts/new
Completed in 19ms (View: 7, DB: 0) | 200 OK [http://localhost/posts/new]


Processing PostsController#create (for 127.0.0.1 at 2009-11-30 18:36:40) [POST]
  Parameters: {"commit"=>"Create", "post"=>{"name"=>"A", "title"=>"", "content"=>"cc"}, "authenticity_token"=>"BjPdl7phtkzOYRlmerPooFm19jEoHPHLD8kK7H2SxEc="}
Rendering template within layouts/posts
Rendering posts/new
Completed in 23ms (View: 16, DB: 0) | 200 OK [http://localhost/posts]


Processing PostsController#create (for 127.0.0.1 at 2009-11-30 18:36:48) [POST]
  Parameters: {"commit"=>"Create", "post"=>{"name"=>"A", "title"=>"ABCD", "content"=>"cc"}, "authenticity_token"=>"BjPdl7phtkzOYRlmerPooFm19jEoHPHLD8kK7H2SxEc="}
Rendering template within layouts/posts
Rendering posts/new
Completed in 94ms (View: 77, DB: 0) | 200 OK [http://localhost/posts]


Processing PostsController#index to xml (for 127.0.0.1 at 2009-11-30 18:38:51) [GET]
  [4;35;1mPost Load (0.4ms)[0m   [0mSELECT * FROM "posts" [0m
Completed in 132ms (View: 128, DB: 0) | 200 OK [http://localhost/posts.xml]


Processing PostsController#create (for 127.0.0.1 at 2009-11-30 18:40:30) [POST]
  Parameters: {"commit"=>"Create", "post"=>{"name"=>"A", "title"=>"ABCD", "content"=>"cc"}, "authenticity_token"=>"BjPdl7phtkzOYRlmerPooFm19jEoHPHLD8kK7H2SxEc="}
Rendering template within layouts/posts
Rendering posts/new
Completed in 40ms (View: 10, DB: 0) | 200 OK [http://localhost/posts]


Processing ApplicationController#index (for 127.0.0.1 at 2009-11-30 18:47:03) [GET]

ActionController::RoutingError (No route matches "/post/1" with {:method=>:get}):
  

Rendering rescues/layout (not_found)


Processing PostsController#show (for 127.0.0.1 at 2009-11-30 18:47:06) [GET]
  Parameters: {"id"=>"1"}
  [4;36;1mPost Load (0.2ms)[0m   [0;1mSELECT * FROM "posts" WHERE ("posts"."id" = 1) [0m
Rendering template within layouts/posts
Rendering posts/show
Completed in 16ms (View: 8, DB: 0) | 200 OK [http://localhost/posts/1]


Processing PostsController#show (for 127.0.0.1 at 2009-11-30 18:47:09) [GET]
  Parameters: {"id"=>"2"}
  [4;35;1mPost Load (0.2ms)[0m   [0mSELECT * FROM "posts" WHERE ("posts"."id" = 2) [0m
Rendering template within layouts/posts
Rendering posts/show
Completed in 11ms (View: 2, DB: 0) | 200 OK [http://localhost/posts/2]


Processing PostsController#index (for 127.0.0.1 at 2009-11-30 18:47:13) [GET]
  [4;36;1mPost Load (0.5ms)[0m   [0;1mSELECT * FROM "posts" [0m
Rendering template within layouts/posts
Rendering posts/index
Completed in 13ms (View: 7, DB: 1) | 200 OK [http://localhost/posts]


Processing PostsController#new (for 127.0.0.1 at 2009-11-30 18:47:17) [GET]
Rendering template within layouts/posts
Rendering posts/new
Rendered posts/_form (3.9ms)
Completed in 15ms (View: 11, DB: 0) | 200 OK [http://localhost/posts/new]


Processing PostsController#index (for 127.0.0.1 at 2009-11-30 18:50:07) [GET]
  [4;35;1mPost Load (0.4ms)[0m   [0mSELECT * FROM "posts" [0m
Rendering template within layouts/posts
Rendering posts/index
Completed in 24ms (View: 19, DB: 0) | 200 OK [http://localhost/posts]


Processing PostsController#new (for 127.0.0.1 at 2009-11-30 18:50:08) [GET]
Rendering template within layouts/posts
Rendering posts/new
Rendered posts/_form (3.4ms)
Completed in 12ms (View: 8, DB: 0) | 200 OK [http://localhost/posts/new]


Processing PostsController#create (for 127.0.0.1 at 2009-11-30 18:50:31) [POST]
  Parameters: {"commit"=>"Create", "post"=>{"name"=>"3rd's Charm", "title"=>"Amazing that it still works", "content"=>"This my third blog posting and I'm simply amazed."}, "authenticity_token"=>"BjPdl7phtkzOYRlmerPooFm19jEoHPHLD8kK7H2SxEc="}
  [4;36;1mPost Create (0.4ms)[0m   [0;1mINSERT INTO "posts" ("name", "created_at", "title", "updated_at", "content") VALUES('3rd''s Charm', '2009-12-01 02:50:31', 'Amazing that it still works', '2009-12-01 02:50:31', 'This my third blog posting and I''m simply amazed.')[0m
Redirected to http://localhost:3000/posts/3
Completed in 14ms (DB: 0) | 302 Found [http://localhost/posts]


Processing PostsController#show (for 127.0.0.1 at 2009-11-30 18:50:31) [GET]
  Parameters: {"id"=>"3"}
  [4;35;1mPost Load (0.2ms)[0m   [0mSELECT * FROM "posts" WHERE ("posts"."id" = 3) [0m
Rendering template within layouts/posts
Rendering posts/show
Completed in 6ms (View: 2, DB: 0) | 200 OK [http://localhost/posts/3]


Processing PostsController#index (for 127.0.0.1 at 2009-11-30 18:50:33) [GET]
  [4;36;1mPost Load (0.6ms)[0m   [0;1mSELECT * FROM "posts" [0m
Rendering template within layouts/posts
Rendering posts/index
Completed in 23ms (View: 14, DB: 1) | 200 OK [http://localhost/posts]
  [4;36;1mSQL (0.4ms)[0m   [0;1m SELECT name
 FROM sqlite_master
 WHERE type = 'table' AND NOT name = 'sqlite_sequence'
[0m
  [4;35;1mSQL (0.1ms)[0m   [0mSELECT version FROM schema_migrations[0m
Migrating to CreatePosts (20091201023057)
Migrating to CreateComments (20091201025118)
  [4;36;1mSQL (0.1ms)[0m   [0;1mselect sqlite_version(*)[0m
  [4;35;1mSQL (0.5ms)[0m   [0mCREATE TABLE "comments" ("id" INTEGER PRIMARY KEY AUTOINCREMENT NOT NULL, "commenter" varchar(255), "body" text, "post_id" integer, "created_at" datetime, "updated_at" datetime) [0m
  [4;36;1mSQL (0.1ms)[0m   [0;1mINSERT INTO schema_migrations (version) VALUES ('20091201025118')[0m
  [4;35;1mSQL (1.2ms)[0m   [0m SELECT name
 FROM sqlite_master
 WHERE type = 'table' AND NOT name = 'sqlite_sequence'
[0m
  [4;36;1mSQL (0.1ms)[0m   [0;1mSELECT version FROM schema_migrations[0m
  [4;35;1mSQL (0.1ms)[0m   [0m SELECT name
 FROM sqlite_master
 WHERE type = 'table' AND NOT name = 'sqlite_sequence'
[0m
  [4;36;1mSQL (0.0ms)[0m   [0;1mPRAGMA index_list("comments")[0m
  [4;35;1mSQL (0.0ms)[0m   [0mPRAGMA index_list("posts")[0m


Processing PostsController#show (for 127.0.0.1 at 2009-11-30 19:06:04) [GET]
  Parameters: {"id"=>"1"}
  [4;35;1mPost Load (0.2ms)[0m   [0mSELECT * FROM "posts" WHERE ("posts"."id" = 1) [0m
Rendering template within layouts/posts
Rendering posts/show

ActionView::TemplateError (undefined method `comments' for nil:NilClass) on line #17 of app/views/posts/show.html.erb:
14: </p>
15: 
16: <h2>Comments</h2>
17: <% @posts.comments.each do |c| %>
18:   <p>
19:     <b>Commenter:</b>
20:     <%=h c.commenter %>

    app/views/posts/show.html.erb:17
    app/controllers/posts_controller.rb:19:in `show'

Rendered rescues/_trace (35.2ms)
Rendered rescues/_request_and_response (1.0ms)
Rendering rescues/layout (internal_server_error)
  [4;36;1mSQL (0.4ms)[0m   [0;1m SELECT name
 FROM sqlite_master
 WHERE type = 'table' AND NOT name = 'sqlite_sequence'
[0m
  [4;35;1mSQL (0.1ms)[0m   [0mSELECT version FROM schema_migrations[0m
Migrating to CreatePosts (20091201023057)
Migrating to CreateComments (20091201025118)
  [4;36;1mSQL (0.1ms)[0m   [0;1mselect sqlite_version(*)[0m
  [4;35;1mSQL (0.2ms)[0m   [0m SELECT name
 FROM sqlite_master
 WHERE type = 'table' AND NOT name = 'sqlite_sequence'
[0m
  [4;36;1mSQL (0.1ms)[0m   [0;1mSELECT version FROM schema_migrations[0m
  [4;35;1mSQL (0.1ms)[0m   [0m SELECT name
 FROM sqlite_master
 WHERE type = 'table' AND NOT name = 'sqlite_sequence'
[0m
  [4;36;1mSQL (0.0ms)[0m   [0;1mPRAGMA index_list("comments")[0m
  [4;35;1mSQL (0.0ms)[0m   [0mPRAGMA index_list("posts")[0m


Processing PostsController#show (for 127.0.0.1 at 2009-11-30 19:07:05) [GET]
  Parameters: {"id"=>"1"}
  [4;36;1mPost Load (0.2ms)[0m   [0;1mSELECT * FROM "posts" WHERE ("posts"."id" = 1) [0m
Rendering template within layouts/posts
Rendering posts/show
  [4;35;1mComment Load (0.2ms)[0m   [0mSELECT * FROM "comments" WHERE ("comments".post_id = 1) [0m
Completed in 14ms (View: 9, DB: 0) | 200 OK [http://localhost/posts/1]


Processing ApplicationController#index (for 127.0.0.1 at 2009-11-30 19:07:08) [GET]
  Parameters: {"post_id"=>"1"}

SyntaxError (/Users/basil/Projects/RailsDirectProjects/blogit/blog/app/controllers/comments_controller.rb:22: formal argument cannot be an instance variable
  def show @post = Post.find(params[:post_id])
                ^
/Users/basil/Projects/RailsDirectProjects/blogit/blog/app/controllers/comments_controller.rb:22: syntax error, unexpected '=', expecting '\n' or ';'
  def show @post = Post.find(params[:post_id])
                  ^
/Users/basil/Projects/RailsDirectProjects/blogit/blog/app/controllers/comments_controller.rb:56: formal argument cannot be an instance variable
  def destroy @post = Post.find(params[:post_id])
                   ^
/Users/basil/Projects/RailsDirectProjects/blogit/blog/app/controllers/comments_controller.rb:56: syntax error, unexpected '=', expecting '\n' or ';'
  def destroy @post = Post.find(params[:post_id])
                     ^
/Users/basil/Projects/RailsDirectProjects/blogit/blog/app/controllers/comments_controller.rb:63: syntax error, unexpected kEND, expecting $end
  end 
     ^):
  

Rendered rescues/_trace (88.7ms)
Rendered rescues/_request_and_response (0.3ms)
Rendering rescues/layout (internal_server_error)


Processing ApplicationController#index (for 127.0.0.1 at 2009-11-30 19:07:59) [GET]
  Parameters: {"post_id"=>"1"}

SyntaxError (/Users/basil/Projects/RailsDirectProjects/blogit/blog/app/controllers/comments_controller.rb:65: syntax error, unexpected $end, expecting kEND):
  

Rendered rescues/_trace (23.9ms)
Rendered rescues/_request_and_response (0.2ms)
Rendering rescues/layout (internal_server_error)


Processing ApplicationController#index (for 127.0.0.1 at 2009-11-30 19:08:06) [GET]
  Parameters: {"post_id"=>"1"}

SyntaxError (/Users/basil/Projects/RailsDirectProjects/blogit/blog/app/controllers/comments_controller.rb:65: syntax error, unexpected $end, expecting kEND):
  

Rendered rescues/_trace (25.8ms)
Rendered rescues/_request_and_response (0.3ms)
Rendering rescues/layout (internal_server_error)


Processing CommentsController#index (for 127.0.0.1 at 2009-11-30 19:08:43) [GET]
  Parameters: {"post_id"=>"1"}
  [4;36;1mPost Load (0.2ms)[0m   [0;1mSELECT * FROM "posts" WHERE ("posts"."id" = 1) [0m
Rendering comments/index
  [4;35;1mComment Load (0.2ms)[0m   [0mSELECT * FROM "comments" WHERE ("comments".post_id = 1) [0m
Completed in 76ms (View: 70, DB: 0) | 200 OK [http://localhost/posts/1/comments]


Processing CommentsController#new (for 127.0.0.1 at 2009-11-30 19:08:45) [GET]
  Parameters: {"post_id"=>"1"}
  [4;36;1mPost Load (0.2ms)[0m   [0;1mSELECT * FROM "posts" WHERE ("posts"."id" = 1) [0m
Rendering comments/new
Completed in 14ms (View: 6, DB: 0) | 200 OK [http://localhost/posts/1/comments/new]


Processing CommentsController#create (for 127.0.0.1 at 2009-11-30 19:08:55) [POST]
  Parameters: {"comment"=>{"body"=>"This is my first comment on the first post", "commenter"=>"Basil"}, "commit"=>"Create", "post_id"=>"1", "authenticity_token"=>"BjPdl7phtkzOYRlmerPooFm19jEoHPHLD8kK7H2SxEc="}
  [4;35;1mPost Load (0.2ms)[0m   [0mSELECT * FROM "posts" WHERE ("posts"."id" = 1) [0m
  [4;36;1mComment Create (0.7ms)[0m   [0;1mINSERT INTO "comments" ("created_at", "body", "updated_at", "post_id", "commenter") VALUES('2009-12-01 03:08:55', 'This is my first comment on the first post', '2009-12-01 03:08:55', 1, 'Basil')[0m
Redirected to http://localhost:3000/posts/1/comments/1
Completed in 11ms (DB: 1) | 302 Found [http://localhost/posts/1/comments]


Processing CommentsController#show (for 127.0.0.1 at 2009-11-30 19:08:55) [GET]
  Parameters: {"post_id"=>"1", "id"=>"1"}
  [4;35;1mPost Load (0.6ms)[0m   [0mSELECT * FROM "posts" WHERE ("posts"."id" = 1) [0m
  [4;36;1mComment Load (0.2ms)[0m   [0;1mSELECT * FROM "comments" WHERE ("comments"."id" = 1 AND ("comments".post_id = 1)) [0m
Rendering comments/show
Completed in 15ms (View: 5, DB: 1) | 200 OK [http://localhost/posts/1/comments/1]


Processing CommentsController#index (for 127.0.0.1 at 2009-11-30 19:08:57) [GET]
  Parameters: {"post_id"=>"1"}
  [4;35;1mPost Load (0.2ms)[0m   [0mSELECT * FROM "posts" WHERE ("posts"."id" = 1) [0m
Rendering comments/index
  [4;36;1mComment Load (0.3ms)[0m   [0;1mSELECT * FROM "comments" WHERE ("comments".post_id = 1) [0m
Completed in 13ms (View: 6, DB: 0) | 200 OK [http://localhost/posts/1/comments]


Processing CommentsController#new (for 127.0.0.1 at 2009-11-30 19:08:59) [GET]
  Parameters: {"post_id"=>"1"}
  [4;35;1mPost Load (0.2ms)[0m   [0mSELECT * FROM "posts" WHERE ("posts"."id" = 1) [0m
Rendering comments/new
Completed in 10ms (View: 3, DB: 0) | 200 OK [http://localhost/posts/1/comments/new]


Processing CommentsController#create (for 127.0.0.1 at 2009-11-30 19:09:08) [POST]
  Parameters: {"comment"=>{"body"=>"Stop commenting already!", "commenter"=>"2nd Comment"}, "commit"=>"Create", "post_id"=>"1", "authenticity_token"=>"BjPdl7phtkzOYRlmerPooFm19jEoHPHLD8kK7H2SxEc="}
  [4;36;1mPost Load (0.2ms)[0m   [0;1mSELECT * FROM "posts" WHERE ("posts"."id" = 1) [0m
  [4;35;1mComment Create (0.3ms)[0m   [0mINSERT INTO "comments" ("created_at", "body", "updated_at", "post_id", "commenter") VALUES('2009-12-01 03:09:08', 'Stop commenting already!', '2009-12-01 03:09:08', 1, '2nd Comment')[0m
Redirected to http://localhost:3000/posts/1/comments/2
Completed in 10ms (DB: 0) | 302 Found [http://localhost/posts/1/comments]


Processing CommentsController#show (for 127.0.0.1 at 2009-11-30 19:09:08) [GET]
  Parameters: {"post_id"=>"1", "id"=>"2"}
  [4;36;1mPost Load (0.2ms)[0m   [0;1mSELECT * FROM "posts" WHERE ("posts"."id" = 1) [0m
  [4;35;1mComment Load (0.2ms)[0m   [0mSELECT * FROM "comments" WHERE ("comments"."id" = 2 AND ("comments".post_id = 1)) [0m
Rendering comments/show
Completed in 10ms (View: 2, DB: 0) | 200 OK [http://localhost/posts/1/comments/2]


Processing CommentsController#index (for 127.0.0.1 at 2009-11-30 19:09:09) [GET]
  Parameters: {"post_id"=>"1"}
  [4;36;1mPost Load (0.2ms)[0m   [0;1mSELECT * FROM "posts" WHERE ("posts"."id" = 1) [0m
Rendering comments/index
  [4;35;1mComment Load (0.3ms)[0m   [0mSELECT * FROM "comments" WHERE ("comments".post_id = 1) [0m
Completed in 15ms (View: 8, DB: 0) | 200 OK [http://localhost/posts/1/comments]


Processing PostsController#show (for 127.0.0.1 at 2009-11-30 19:09:11) [GET]
  Parameters: {"id"=>"1"}
  [4;36;1mPost Load (0.2ms)[0m   [0;1mSELECT * FROM "posts" WHERE ("posts"."id" = 1) [0m
Rendering template within layouts/posts
Rendering posts/show
  [4;35;1mComment Load (0.2ms)[0m   [0mSELECT * FROM "comments" WHERE ("comments".post_id = 1) [0m
Completed in 10ms (View: 5, DB: 0) | 200 OK [http://localhost/posts/1]


Processing PostsController#index (for 127.0.0.1 at 2009-11-30 19:09:18) [GET]
  [4;36;1mPost Load (0.5ms)[0m   [0;1mSELECT * FROM "posts" [0m
Rendering template within layouts/posts
Rendering posts/index
Completed in 13ms (View: 8, DB: 0) | 200 OK [http://localhost/posts]
  [4;36;1mSQL (0.4ms)[0m   [0;1m SELECT name
 FROM sqlite_master
 WHERE type = 'table' AND NOT name = 'sqlite_sequence'
[0m
  [4;35;1mSQL (0.1ms)[0m   [0mSELECT version FROM schema_migrations[0m
Migrating to CreatePosts (20091201023057)
Migrating to CreateComments (20091201025118)
Migrating to CreateTags (20091201031003)
  [4;36;1mSQL (0.1ms)[0m   [0;1mselect sqlite_version(*)[0m
  [4;35;1mSQL (0.3ms)[0m   [0mCREATE TABLE "tags" ("id" INTEGER PRIMARY KEY AUTOINCREMENT NOT NULL, "name" varchar(255), "post_id" integer, "created_at" datetime, "updated_at" datetime) [0m
  [4;36;1mSQL (0.1ms)[0m   [0;1mINSERT INTO schema_migrations (version) VALUES ('20091201031003')[0m
  [4;35;1mSQL (0.2ms)[0m   [0m SELECT name
 FROM sqlite_master
 WHERE type = 'table' AND NOT name = 'sqlite_sequence'
[0m
  [4;36;1mSQL (0.1ms)[0m   [0;1mSELECT version FROM schema_migrations[0m
  [4;35;1mSQL (0.1ms)[0m   [0m SELECT name
 FROM sqlite_master
 WHERE type = 'table' AND NOT name = 'sqlite_sequence'
[0m
  [4;36;1mSQL (0.0ms)[0m   [0;1mPRAGMA index_list("comments")[0m
  [4;35;1mSQL (0.0ms)[0m   [0mPRAGMA index_list("posts")[0m
  [4;36;1mSQL (0.0ms)[0m   [0;1mPRAGMA index_list("tags")[0m


Processing PostsController#edit (for 127.0.0.1 at 2009-11-30 19:14:29) [GET]
  Parameters: {"id"=>"1"}
  [4;35;1mPost Load (0.2ms)[0m   [0mSELECT * FROM "posts" WHERE ("posts"."id" = 1) [0m
Rendering template within layouts/posts
Rendering posts/edit
ERROR: compiling _run_erb_app47views47posts47_form46html46erb_locals_form_object RAISED compile error
/Users/basil/Projects/RailsDirectProjects/blogit/blog/app/views/posts/_form.html.erb:10: syntax error, unexpected tSTRING_BEG, expecting ')'
...cat(( post_form.label :title "title" ).to_s); @output_buffer...
                              ^
/Users/basil/Projects/RailsDirectProjects/blogit/blog/app/views/posts/_form.html.erb:20: syntax error, unexpected tSTRING_BEG, expecting ')'
...oncat(( tag_form.label :name 'Tag:' ).to_s); @output_buffer....
                              ^
Function body:           def _run_erb_app47views47posts47_form46html46erb_locals_form_object(local_assigns)
            old_output_buffer = output_buffer;form = local_assigns[:form];object = local_assigns[:object];;@output_buffer = '';  __in_erb_template=true ;  @post.tags.build if @post.tags.empty? ; @output_buffer.concat "\n"
;  form_for(@post) do |post_form| ; @output_buffer.concat "\n  "
; @output_buffer.concat(( post_form.error_messages ).to_s); @output_buffer.concat "\n\n  <p>\n    "


; @output_buffer.concat(( post_form.label :name ).to_s); @output_buffer.concat "<br />\n    "
; @output_buffer.concat(( post_form.text_field :name ).to_s); @output_buffer.concat "\n  </p>\n  <p>\n    "


; @output_buffer.concat(( post_form.label :title "title" ).to_s); @output_buffer.concat "<br />\n    "
; @output_buffer.concat(( post_form.text_field :title ).to_s); @output_buffer.concat "\n  </p>\n  <p>\n    "


; @output_buffer.concat(( post_form.label :content ).to_s); @output_buffer.concat "<br />\n    "
; @output_buffer.concat(( post_form.text_area :content ).to_s); @output_buffer.concat "\n  </p>\n  <h2>Tags</h2>\n    "


;  post_form.fields_for :tags do |tag_form| ; @output_buffer.concat "\n      <p>\n        "

; @output_buffer.concat(( tag_form.label :name 'Tag:' ).to_s); @output_buffer.concat "<br />\n        "
; @output_buffer.concat(( tag_form.text_field :name ).to_s); @output_buffer.concat "\n      </p>\n      "

;  unless tag_form.object.nil? || tag_form.object.new_record? ; @output_buffer.concat "\n        <p>\n          "

; @output_buffer.concat(( tag_form.label :_delete, 'Remove:' ).to_s); @output_buffer.concat "\n          "
; @output_buffer.concat(( tag_form.check_box :_delete ).to_s); @output_buffer.concat "\n        </p>\n      "

;  end ; @output_buffer.concat "\n\n    "

;  end ; @output_buffer.concat "\n  <p>\n    "

; @output_buffer.concat(( post_form.submit 'Create' ).to_s); @output_buffer.concat "\n  </p>\n"

;  end ; @output_buffer.concat "\n"
; @output_buffer
          ensure
            self.output_buffer = old_output_buffer
          end
Backtrace: /Users/basil/Projects/RailsDirectProjects/blogit/blog/app/views/posts/_form.html.erb:38:in `compile!'
/Library/Ruby/Gems/1.8/gems/actionpack-2.3.5/lib/action_view/renderable.rb:61:in `compile'
/Library/Ruby/Gems/1.8/gems/actionpack-2.3.5/lib/action_view/renderable.rb:28:in `render'
/Library/Ruby/Gems/1.8/gems/actionpack-2.3.5/lib/action_view/renderable_partial.rb:20:in `render'
/Library/Ruby/Gems/1.8/gems/actionpack-2.3.5/lib/action_controller/benchmarking.rb:26:in `benchmark'
/Library/Ruby/Gems/1.8/gems/activesupport-2.3.5/lib/active_support/core_ext/benchmark.rb:17:in `ms'
/System/Library/Frameworks/Ruby.framework/Versions/1.8/usr/lib/ruby/1.8/benchmark.rb:308:in `realtime'
/Library/Ruby/Gems/1.8/gems/activesupport-2.3.5/lib/active_support/core_ext/benchmark.rb:17:in `ms'
/Library/Ruby/Gems/1.8/gems/actionpack-2.3.5/lib/action_controller/benchmarking.rb:26:in `benchmark'
/Library/Ruby/Gems/1.8/gems/actionpack-2.3.5/lib/action_view/renderable_partial.rb:19:in `render'
/Library/Ruby/Gems/1.8/gems/actionpack-2.3.5/lib/action_view/template.rb:205:in `render_template'
/Library/Ruby/Gems/1.8/gems/actionpack-2.3.5/lib/action_view/renderable_partial.rb:44:in `render_partial'
/Library/Ruby/Gems/1.8/gems/actionpack-2.3.5/lib/action_view/partials.rb:184:in `render_partial'
/Library/Ruby/Gems/1.8/gems/actionpack-2.3.5/lib/action_view/base.rb:267:in `render'
/Users/basil/Projects/RailsDirectProjects/blogit/blog/app/views/posts/edit.html.erb:3:in `_run_erb_app47views47posts47edit46html46erb'
/Library/Ruby/Gems/1.8/gems/actionpack-2.3.5/lib/action_view/renderable.rb:34:in `send'
/Library/Ruby/Gems/1.8/gems/actionpack-2.3.5/lib/action_view/renderable.rb:34:in `render'
/Library/Ruby/Gems/1.8/gems/actionpack-2.3.5/lib/action_view/base.rb:306:in `with_template'
/Library/Ruby/Gems/1.8/gems/actionpack-2.3.5/lib/action_view/renderable.rb:30:in `render'
/Library/Ruby/Gems/1.8/gems/actionpack-2.3.5/lib/action_view/template.rb:205:in `render_template'
/Library/Ruby/Gems/1.8/gems/actionpack-2.3.5/lib/action_view/base.rb:265:in `render'
/Library/Ruby/Gems/1.8/gems/actionpack-2.3.5/lib/action_view/base.rb:348:in `_render_with_layout'
/Library/Ruby/Gems/1.8/gems/actionpack-2.3.5/lib/action_view/base.rb:262:in `render'
/Library/Ruby/Gems/1.8/gems/actionpack-2.3.5/lib/action_controller/base.rb:1250:in `render_for_file'
/Library/Ruby/Gems/1.8/gems/actionpack-2.3.5/lib/action_controller/base.rb:945:in `render_without_benchmark'
/Library/Ruby/Gems/1.8/gems/actionpack-2.3.5/lib/action_controller/benchmarking.rb:51:in `render'
/Library/Ruby/Gems/1.8/gems/activesupport-2.3.5/lib/active_support/core_ext/benchmark.rb:17:in `ms'
/System/Library/Frameworks/Ruby.framework/Versions/1.8/usr/lib/ruby/1.8/benchmark.rb:308:in `realtime'
/Library/Ruby/Gems/1.8/gems/activesupport-2.3.5/lib/active_support/core_ext/benchmark.rb:17:in `ms'
/Library/Ruby/Gems/1.8/gems/actionpack-2.3.5/lib/action_controller/benchmarking.rb:51:in `render'
/Library/Ruby/Gems/1.8/gems/actionpack-2.3.5/lib/action_controller/base.rb:1326:in `default_render'
/Library/Ruby/Gems/1.8/gems/actionpack-2.3.5/lib/action_controller/base.rb:1332:in `perform_action_without_filters'
/Library/Ruby/Gems/1.8/gems/actionpack-2.3.5/lib/action_controller/filters.rb:617:in `call_filters'
/Library/Ruby/Gems/1.8/gems/actionpack-2.3.5/lib/action_controller/filters.rb:610:in `perform_action_without_benchmark'
/Library/Ruby/Gems/1.8/gems/actionpack-2.3.5/lib/action_controller/benchmarking.rb:68:in `perform_action_without_rescue'
/Library/Ruby/Gems/1.8/gems/activesupport-2.3.5/lib/active_support/core_ext/benchmark.rb:17:in `ms'
/System/Library/Frameworks/Ruby.framework/Versions/1.8/usr/lib/ruby/1.8/benchmark.rb:308:in `realtime'
/Library/Ruby/Gems/1.8/gems/activesupport-2.3.5/lib/active_support/core_ext/benchmark.rb:17:in `ms'
/Library/Ruby/Gems/1.8/gems/actionpack-2.3.5/lib/action_controller/benchmarking.rb:68:in `perform_action_without_rescue'
/Library/Ruby/Gems/1.8/gems/actionpack-2.3.5/lib/action_controller/rescue.rb:160:in `perform_action_without_flash'
/Library/Ruby/Gems/1.8/gems/actionpack-2.3.5/lib/action_controller/flash.rb:146:in `perform_action'
/Library/Ruby/Gems/1.8/gems/actionpack-2.3.5/lib/action_controller/base.rb:532:in `send'
/Library/Ruby/Gems/1.8/gems/actionpack-2.3.5/lib/action_controller/base.rb:532:in `process_without_filters'
/Library/Ruby/Gems/1.8/gems/actionpack-2.3.5/lib/action_controller/filters.rb:606:in `process'
/Library/Ruby/Gems/1.8/gems/actionpack-2.3.5/lib/action_controller/base.rb:391:in `process'
/Library/Ruby/Gems/1.8/gems/actionpack-2.3.5/lib/action_controller/base.rb:386:in `call'
/Library/Ruby/Gems/1.8/gems/actionpack-2.3.5/lib/action_controller/routing/route_set.rb:437:in `call'
/Library/Ruby/Gems/1.8/gems/actionpack-2.3.5/lib/action_controller/dispatcher.rb:87:in `dispatch'
/Library/Ruby/Gems/1.8/gems/actionpack-2.3.5/lib/action_controller/dispatcher.rb:121:in `_call'
/Library/Ruby/Gems/1.8/gems/actionpack-2.3.5/lib/action_controller/dispatcher.rb:130:in `build_middleware_stack'
/Library/Ruby/Gems/1.8/gems/activerecord-2.3.5/lib/active_record/query_cache.rb:29:in `call'
/Library/Ruby/Gems/1.8/gems/activerecord-2.3.5/lib/active_record/query_cache.rb:29:in `call'
/Library/Ruby/Gems/1.8/gems/activerecord-2.3.5/lib/active_record/connection_adapters/abstract/query_cache.rb:34:in `cache'
/Library/Ruby/Gems/1.8/gems/activerecord-2.3.5/lib/active_record/query_cache.rb:9:in `cache'
/Library/Ruby/Gems/1.8/gems/activerecord-2.3.5/lib/active_record/query_cache.rb:28:in `call'
/Library/Ruby/Gems/1.8/gems/activerecord-2.3.5/lib/active_record/connection_adapters/abstract/connection_pool.rb:361:in `call'
/Library/Ruby/Gems/1.8/gems/actionpack-2.3.5/lib/action_controller/string_coercion.rb:25:in `call'
/Users/basil/.gem/ruby/1.8/gems/rack-1.0.1/lib/rack/head.rb:9:in `call'
/Users/basil/.gem/ruby/1.8/gems/rack-1.0.1/lib/rack/methodoverride.rb:24:in `call'
/Library/Ruby/Gems/1.8/gems/actionpack-2.3.5/lib/action_controller/params_parser.rb:15:in `call'
/Library/Ruby/Gems/1.8/gems/actionpack-2.3.5/lib/action_controller/session/cookie_store.rb:93:in `call'
/Library/Ruby/Gems/1.8/gems/actionpack-2.3.5/lib/action_controller/failsafe.rb:26:in `call'
/Users/basil/.gem/ruby/1.8/gems/rack-1.0.1/lib/rack/lock.rb:11:in `call'
/Users/basil/.gem/ruby/1.8/gems/rack-1.0.1/lib/rack/lock.rb:11:in `synchronize'
/Users/basil/.gem/ruby/1.8/gems/rack-1.0.1/lib/rack/lock.rb:11:in `call'
/Library/Ruby/Gems/1.8/gems/actionpack-2.3.5/lib/action_controller/dispatcher.rb:114:in `call'
/Library/Ruby/Gems/1.8/gems/actionpack-2.3.5/lib/action_controller/reloader.rb:34:in `run'
/Library/Ruby/Gems/1.8/gems/actionpack-2.3.5/lib/action_controller/dispatcher.rb:108:in `call'
/Library/Ruby/Gems/1.8/gems/rails-2.3.5/lib/rails/rack/static.rb:31:in `call'
/Users/basil/.gem/ruby/1.8/gems/rack-1.0.1/lib/rack/urlmap.rb:46:in `call'
/Users/basil/.gem/ruby/1.8/gems/rack-1.0.1/lib/rack/urlmap.rb:40:in `each'
/Users/basil/.gem/ruby/1.8/gems/rack-1.0.1/lib/rack/urlmap.rb:40:in `call'
/Library/Ruby/Gems/1.8/gems/rails-2.3.5/lib/rails/rack/log_tailer.rb:17:in `call'
/Users/basil/.gem/ruby/1.8/gems/rack-1.0.1/lib/rack/content_length.rb:13:in `call'
/Users/basil/.gem/ruby/1.8/gems/rack-1.0.1/lib/rack/chunked.rb:15:in `call'
/Users/basil/.gem/ruby/1.8/gems/rack-1.0.1/lib/rack/handler/mongrel.rb:64:in `process'
/System/Library/Frameworks/Ruby.framework/Versions/1.8/usr/lib/ruby/gems/1.8/gems/mongrel-1.1.5/lib/mongrel.rb:159:in `process_client'
/System/Library/Frameworks/Ruby.framework/Versions/1.8/usr/lib/ruby/gems/1.8/gems/mongrel-1.1.5/lib/mongrel.rb:158:in `each'
/System/Library/Frameworks/Ruby.framework/Versions/1.8/usr/lib/ruby/gems/1.8/gems/mongrel-1.1.5/lib/mongrel.rb:158:in `process_client'
/System/Library/Frameworks/Ruby.framework/Versions/1.8/usr/lib/ruby/gems/1.8/gems/mongrel-1.1.5/lib/mongrel.rb:285:in `run'
/System/Library/Frameworks/Ruby.framework/Versions/1.8/usr/lib/ruby/gems/1.8/gems/mongrel-1.1.5/lib/mongrel.rb:285:in `initialize'
/System/Library/Frameworks/Ruby.framework/Versions/1.8/usr/lib/ruby/gems/1.8/gems/mongrel-1.1.5/lib/mongrel.rb:285:in `new'
/System/Library/Frameworks/Ruby.framework/Versions/1.8/usr/lib/ruby/gems/1.8/gems/mongrel-1.1.5/lib/mongrel.rb:285:in `run'
/System/Library/Frameworks/Ruby.framework/Versions/1.8/usr/lib/ruby/gems/1.8/gems/mongrel-1.1.5/lib/mongrel.rb:268:in `initialize'
/System/Library/Frameworks/Ruby.framework/Versions/1.8/usr/lib/ruby/gems/1.8/gems/mongrel-1.1.5/lib/mongrel.rb:268:in `new'
/System/Library/Frameworks/Ruby.framework/Versions/1.8/usr/lib/ruby/gems/1.8/gems/mongrel-1.1.5/lib/mongrel.rb:268:in `run'
/Users/basil/.gem/ruby/1.8/gems/rack-1.0.1/lib/rack/handler/mongrel.rb:34:in `run'
/Library/Ruby/Gems/1.8/gems/rails-2.3.5/lib/commands/server.rb:111
/Library/Ruby/Site/1.8/rubygems/custom_require.rb:31:in `gem_original_require'
/Library/Ruby/Site/1.8/rubygems/custom_require.rb:31:in `require'
script/server:3

ActionView::TemplateError (compile error
/Users/basil/Projects/RailsDirectProjects/blogit/blog/app/views/posts/_form.html.erb:10: syntax error, unexpected tSTRING_BEG, expecting ')'
...cat(( post_form.label :title "title" ).to_s); @output_buffer...
                              ^
/Users/basil/Projects/RailsDirectProjects/blogit/blog/app/views/posts/_form.html.erb:20: syntax error, unexpected tSTRING_BEG, expecting ')'
...oncat(( tag_form.label :name 'Tag:' ).to_s); @output_buffer....
                              ^) on line #10 of app/views/posts/_form.html.erb:
7:     <%= post_form.text_field :name %>
8:   </p>
9:   <p>
10:     <%= post_form.label :title "title" %><br />
11:     <%= post_form.text_field :title %>
12:   </p>
13:   <p>

    app/views/posts/_form.html.erb:38:in `compile!'
    app/views/posts/edit.html.erb:3

Rendered rescues/_trace (38.2ms)
Rendered rescues/_request_and_response (0.3ms)
Rendering rescues/layout (internal_server_error)


Processing PostsController#edit (for 127.0.0.1 at 2009-11-30 19:15:35) [GET]
  Parameters: {"id"=>"1"}
  [4;36;1mPost Load (0.2ms)[0m   [0;1mSELECT * FROM "posts" WHERE ("posts"."id" = 1) [0m
Rendering template within layouts/posts
Rendering posts/edit
  [4;35;1mSQL (0.1ms)[0m   [0mSELECT count(*) AS count_all FROM "tags" WHERE ("tags".post_id = 1) [0m
Rendered posts/_form (7.9ms)
Completed in 16ms (View: 11, DB: 0) | 200 OK [http://localhost/posts/1/edit]


Processing PostsController#update (for 127.0.0.1 at 2009-11-30 19:15:43) [PUT]
  Parameters: {"commit"=>"Create", "post"=>{"tags_attributes"=>{"0"=>{"name"=>"abc, 123, aptana"}}, "name"=>"First Post", "title"=>"Life is Good", "content"=>"OK, so this is a dummy blog application for Rails based on the RoR guide."}, "authenticity_token"=>"BjPdl7phtkzOYRlmerPooFm19jEoHPHLD8kK7H2SxEc=", "id"=>"1"}
  [4;36;1mPost Load (0.2ms)[0m   [0;1mSELECT * FROM "posts" WHERE ("posts"."id" = 1) [0m
  [4;35;1mTag Create (0.3ms)[0m   [0mINSERT INTO "tags" ("name", "created_at", "updated_at", "post_id") VALUES('abc, 123, aptana', '2009-12-01 03:15:43', '2009-12-01 03:15:43', 1)[0m
Redirected to http://localhost:3000/posts/1
Completed in 77ms (DB: 0) | 302 Found [http://localhost/posts/1]


Processing PostsController#show (for 127.0.0.1 at 2009-11-30 19:15:43) [GET]
  Parameters: {"id"=>"1"}
  [4;36;1mPost Load (0.2ms)[0m   [0;1mSELECT * FROM "posts" WHERE ("posts"."id" = 1) [0m
Rendering template within layouts/posts
Rendering posts/show
  [4;35;1mComment Load (0.3ms)[0m   [0mSELECT * FROM "comments" WHERE ("comments".post_id = 1) [0m
Completed in 13ms (View: 6, DB: 0) | 200 OK [http://localhost/posts/1]


Processing PostsController#index (for 127.0.0.1 at 2009-11-30 19:15:45) [GET]
  [4;36;1mPost Load (0.5ms)[0m   [0;1mSELECT * FROM "posts" [0m
Rendering template within layouts/posts
Rendering posts/index
Completed in 13ms (View: 8, DB: 0) | 200 OK [http://localhost/posts]


Processing PostsController#show (for 127.0.0.1 at 2009-11-30 19:15:47) [GET]
  Parameters: {"id"=>"1"}
  [4;35;1mPost Load (0.2ms)[0m   [0mSELECT * FROM "posts" WHERE ("posts"."id" = 1) [0m
Rendering template within layouts/posts
Rendering posts/show
  [4;36;1mComment Load (0.3ms)[0m   [0;1mSELECT * FROM "comments" WHERE ("comments".post_id = 1) [0m
Completed in 12ms (View: 6, DB: 0) | 200 OK [http://localhost/posts/1]


Processing CommentsController#index (for 127.0.0.1 at 2009-11-30 19:15:49) [GET]
  Parameters: {"post_id"=>"1"}
  [4;35;1mPost Load (0.2ms)[0m   [0mSELECT * FROM "posts" WHERE ("posts"."id" = 1) [0m
Rendering comments/index
  [4;36;1mComment Load (0.2ms)[0m   [0;1mSELECT * FROM "comments" WHERE ("comments".post_id = 1) [0m
Completed in 14ms (View: 7, DB: 0) | 200 OK [http://localhost/posts/1/comments]


Processing PostsController#show (for 127.0.0.1 at 2009-11-30 19:15:50) [GET]
  Parameters: {"id"=>"1"}
  [4;35;1mPost Load (0.2ms)[0m   [0mSELECT * FROM "posts" WHERE ("posts"."id" = 1) [0m
Rendering template within layouts/posts
Rendering posts/show
  [4;36;1mComment Load (0.3ms)[0m   [0;1mSELECT * FROM "comments" WHERE ("comments".post_id = 1) [0m
Completed in 71ms (View: 66, DB: 0) | 200 OK [http://localhost/posts/1]


Processing PostsController#index (for 127.0.0.1 at 2009-11-30 19:15:52) [GET]
  [4;35;1mPost Load (0.6ms)[0m   [0mSELECT * FROM "posts" [0m
Rendering template within layouts/posts
Rendering posts/index
Completed in 14ms (View: 9, DB: 1) | 200 OK [http://localhost/posts]


Processing PostsController#new (for 127.0.0.1 at 2009-11-30 19:15:54) [GET]
Rendering template within layouts/posts
Rendering posts/new
Rendered posts/_form (6.7ms)
Completed in 13ms (View: 8, DB: 0) | 200 OK [http://localhost/posts/new]


Processing PostsController#create (for 127.0.0.1 at 2009-11-30 19:16:11) [POST]
  Parameters: {"commit"=>"Create", "post"=>{"tags_attributes"=>{"0"=>{"name"=>"nothing, better, ever"}}, "name"=>"Post4", "title"=>"FourPost", "content"=>"Wow, I can' believe it."}, "authenticity_token"=>"BjPdl7phtkzOYRlmerPooFm19jEoHPHLD8kK7H2SxEc="}
  [4;36;1mPost Create (0.3ms)[0m   [0;1mINSERT INTO "posts" ("name", "created_at", "title", "updated_at", "content") VALUES('Post4', '2009-12-01 03:16:11', 'FourPost', '2009-12-01 03:16:11', 'Wow, I can'' believe it.')[0m
  [4;35;1mTag Create (0.1ms)[0m   [0mINSERT INTO "tags" ("name", "created_at", "updated_at", "post_id") VALUES('nothing, better, ever', '2009-12-01 03:16:11', '2009-12-01 03:16:11', 4)[0m
Redirected to http://localhost:3000/posts/4
Completed in 15ms (DB: 0) | 302 Found [http://localhost/posts]


Processing PostsController#show (for 127.0.0.1 at 2009-11-30 19:16:11) [GET]
  Parameters: {"id"=>"4"}
  [4;36;1mPost Load (0.2ms)[0m   [0;1mSELECT * FROM "posts" WHERE ("posts"."id" = 4) [0m
Rendering template within layouts/posts
Rendering posts/show
  [4;35;1mComment Load (0.2ms)[0m   [0mSELECT * FROM "comments" WHERE ("comments".post_id = 4) [0m
Completed in 11ms (View: 5, DB: 0) | 200 OK [http://localhost/posts/4]


Processing PostsController#index (for 127.0.0.1 at 2009-11-30 19:16:13) [GET]
  [4;36;1mPost Load (0.5ms)[0m   [0;1mSELECT * FROM "posts" [0m
Rendering template within layouts/posts
Rendering posts/index
Completed in 73ms (View: 10, DB: 1) | 200 OK [http://localhost/posts]


Processing PostsController#show (for 127.0.0.1 at 2009-11-30 19:16:16) [GET]
  Parameters: {"id"=>"4"}
  [4;35;1mPost Load (0.2ms)[0m   [0mSELECT * FROM "posts" WHERE ("posts"."id" = 4) [0m
Rendering template within layouts/posts
Rendering posts/show
  [4;36;1mComment Load (0.2ms)[0m   [0;1mSELECT * FROM "comments" WHERE ("comments".post_id = 4) [0m
Completed in 9ms (View: 4, DB: 0) | 200 OK [http://localhost/posts/4]


Processing CommentsController#index (for 127.0.0.1 at 2009-11-30 19:16:20) [GET]
  Parameters: {"post_id"=>"4"}
  [4;35;1mPost Load (0.2ms)[0m   [0mSELECT * FROM "posts" WHERE ("posts"."id" = 4) [0m
Rendering comments/index
  [4;36;1mComment Load (0.1ms)[0m   [0;1mSELECT * FROM "comments" WHERE ("comments".post_id = 4) [0m
Completed in 9ms (View: 2, DB: 0) | 200 OK [http://localhost/posts/4/comments]


Processing CommentsController#new (for 127.0.0.1 at 2009-11-30 19:16:21) [GET]
  Parameters: {"post_id"=>"4"}
  [4;35;1mPost Load (0.2ms)[0m   [0mSELECT * FROM "posts" WHERE ("posts"."id" = 4) [0m
Rendering comments/new
Completed in 11ms (View: 3, DB: 0) | 200 OK [http://localhost/posts/4/comments/new]


Processing CommentsController#create (for 127.0.0.1 at 2009-11-30 19:16:31) [POST]
  Parameters: {"comment"=>{"body"=>"Mycomment is better than yours", "commenter"=>"MyComment"}, "commit"=>"Create", "post_id"=>"4", "authenticity_token"=>"BjPdl7phtkzOYRlmerPooFm19jEoHPHLD8kK7H2SxEc="}
  [4;36;1mPost Load (0.2ms)[0m   [0;1mSELECT * FROM "posts" WHERE ("posts"."id" = 4) [0m
  [4;35;1mComment Create (0.3ms)[0m   [0mINSERT INTO "comments" ("created_at", "body", "updated_at", "post_id", "commenter") VALUES('2009-12-01 03:16:31', 'Mycomment is better than yours', '2009-12-01 03:16:31', 4, 'MyComment')[0m
Redirected to http://localhost:3000/posts/4/comments/3
Completed in 11ms (DB: 0) | 302 Found [http://localhost/posts/4/comments]


Processing CommentsController#show (for 127.0.0.1 at 2009-11-30 19:16:31) [GET]
  Parameters: {"post_id"=>"4", "id"=>"3"}
  [4;36;1mPost Load (0.2ms)[0m   [0;1mSELECT * FROM "posts" WHERE ("posts"."id" = 4) [0m
  [4;35;1mComment Load (0.2ms)[0m   [0mSELECT * FROM "comments" WHERE ("comments"."id" = 3 AND ("comments".post_id = 4)) [0m
Rendering comments/show
Completed in 10ms (View: 2, DB: 0) | 200 OK [http://localhost/posts/4/comments/3]


Processing CommentsController#index (for 127.0.0.1 at 2009-11-30 19:16:32) [GET]
  Parameters: {"post_id"=>"4"}
  [4;36;1mPost Load (0.2ms)[0m   [0;1mSELECT * FROM "posts" WHERE ("posts"."id" = 4) [0m
Rendering comments/index
  [4;35;1mComment Load (0.2ms)[0m   [0mSELECT * FROM "comments" WHERE ("comments".post_id = 4) [0m
Completed in 13ms (View: 5, DB: 0) | 200 OK [http://localhost/posts/4/comments]


Processing PostsController#show (for 127.0.0.1 at 2009-11-30 19:16:33) [GET]
  Parameters: {"id"=>"4"}
  [4;36;1mPost Load (0.2ms)[0m   [0;1mSELECT * FROM "posts" WHERE ("posts"."id" = 4) [0m
Rendering template within layouts/posts
Rendering posts/show
  [4;35;1mComment Load (0.2ms)[0m   [0mSELECT * FROM "comments" WHERE ("comments".post_id = 4) [0m
Completed in 12ms (View: 6, DB: 0) | 200 OK [http://localhost/posts/4]
